Build started 04/02/2017 18:29:42.
     1>Project "C:\Users\Amine\Documents\NQueens\Nqueens\Nqueens\Nqueens.vcxproj" on node 2 (build target(s)).
     1>InitializeBuildStatus:
         Creating "Debug\Nqueens.unsuccessfulbuild" because "AlwaysCreate" was specified.
       ClCompile:
         C:\Program Files (x86)\Microsoft Visual Studio 10.0\VC\bin\CL.exe /c /ZI /nologo /W3 /WX- /Od /Oy- /D _MBCS /Gm /EHsc /RTC1 /MDd /GS /fp:precise /Zc:wchar_t /Zc:forScope /Fo"Debug\\" /Fd"Debug\vc100.pdb" /Gd /TC /analyze- /errorReport:prompt Nqueens.c
         Nqueens.c
     1>c:\users\amine\documents\nqueens\nqueens\nqueens\nqueens.c(11): warning C4996: 'setbuf': This function or variable may be unsafe. Consider using setvbuf instead. To disable deprecation, use _CRT_SECURE_NO_WARNINGS. See online help for details.
                 c:\program files (x86)\microsoft visual studio 10.0\vc\include\stdio.h(313) : voir la déclaration de 'setbuf'
     1>c:\users\amine\documents\nqueens\nqueens\nqueens\nqueens.c(14): warning C4996: 'scanf': This function or variable may be unsafe. Consider using scanf_s instead. To disable deprecation, use _CRT_SECURE_NO_WARNINGS. See online help for details.
                 c:\program files (x86)\microsoft visual studio 10.0\vc\include\stdio.h(304) : voir la déclaration de 'scanf'
       Link:
         C:\Program Files (x86)\Microsoft Visual Studio 10.0\VC\bin\link.exe /ERRORREPORT:PROMPT /OUT:"C:\Users\Amine\Documents\NQueens\Nqueens\Debug\Nqueens.exe" /NOLOGO kernel32.lib user32.lib gdi32.lib winspool.lib comdlg32.lib advapi32.lib shell32.lib ole32.lib oleaut32.lib uuid.lib odbc32.lib odbccp32.lib /MANIFEST /ManifestFile:"Debug\Nqueens.exe.intermediate.manifest" /MANIFESTUAC:"level='asInvoker' uiAccess='false'" /DEBUG /PDB:"C:\Users\Amine\Documents\NQueens\Nqueens\Debug\Nqueens.pdb" /TLBID:1 /DYNAMICBASE /NXCOMPAT /IMPLIB:"C:\Users\Amine\Documents\NQueens\Nqueens\Debug\Nqueens.lib" /MACHINE:X86 Debug\Nqueens.obj
         LINK : C:\Users\Amine\Documents\NQueens\Nqueens\Debug\Nqueens.exe introuvable ou non généré par la dernière édition de liens incrémentielle ; édition de liens complète en cours
         Nqueens.vcxproj -> C:\Users\Amine\Documents\NQueens\Nqueens\Debug\Nqueens.exe
       Manifest:
         C:\Program Files (x86)\Microsoft SDKs\Windows\v7.0A\bin\mt.exe /nologo /verbose /outputresource:"C:\Users\Amine\Documents\NQueens\Nqueens\Debug\Nqueens.exe;#1" /manifest Debug\Nqueens.exe.intermediate.manifest
       FinalizeBuildStatus:
         Deleting file "Debug\Nqueens.unsuccessfulbuild".
         Touching "Debug\Nqueens.lastbuildstate".
     1>Done Building Project "C:\Users\Amine\Documents\NQueens\Nqueens\Nqueens\Nqueens.vcxproj" (build target(s)).

La génération a réussi.

Time Elapsed 00:00:00.44
